20140723-145306	RawCalendarDailyPerformance	201407090301	[RCDP|201407090301|F00000NQ53|2014|0]
07	RawCalendarDailyPerformance	201407090301	[RCDP|201407090301|FOUSA06L9U|2014|0]
	RawCalendarDailyPerformance	201407090301	[RCDP|201407090301|FEUSA04AHH|2014|0]
	RawCalendarDailyPerformance	201407090301	[RCDP|201407090301|F00000N298|2014|0]
	RawCalendarDailyPerformance	201407090301	[RCDP|201407090301|F00000PTNZ|2014|0]
	RawCalendarDailyPerformance	201407090301	[RCDP|201407090301|FEUSA04AEA|2014|0]
	RawCalendarDailyPerformance	201407090301	[RCDP|201407090301|FOUSA06LUQ|2014|0]
	RawCalendarDailyPerformance	201407090301	[RCDP|201407090301|FOUSA06VOC|2014|0]
	RawCalendarDailyPerformance	201407090301	[RCDP|201407090301|F00000SWCD|2014|0]
	RawCalendarDailyPerformance	201407090301	[RCDP|201407090301|FOUSA06PCH|2014|0]
	RawCalendarDailyPerformance	201407090301	[RCDP|201407090301|FEUSA0000A|2014|0]
08	RawCalendarDailyPerformance	201407090301	[RCDP|201407090301|F00000OP8L|2014|0]
	RawCalendarDailyPerformance	201407090301	[RCDP|201407090301|FEUSA04AE6|2014|0]
	RawCalendarDailyPerformance	201407090301	[RCDP|201407090301|FOUSA06B85|2014|0]
	RawCalendarDailyPerformance	201407090301	[RCDP|201407090301|F00000O9QH|2014|0]
	RawCalendarDailyPerformance	201407090301	[RCDP|201407090301|F00000P8R3|2014|0]
	RawCalendarDailyPerformance	201407090301	[RCDP|201407090301|F00000J74G|2014|0]
	RawCalendarDailyPerformance	201407090301	[RCDP|201407090301|FEUSA00006|2014|0]
	RawCalendarDailyPerformance	201407090301	[RCDP|201407090301|FOUSA06B8A|2014|0]
	RawCalendarDailyPerformance	201407090301	[RCDP|201407090301|FOUSA0861F|2014|0]
	RawCalendarDailyPerformance	201407090301	[RCDP|201407090301|F00000GVJI|2014|0]
09	RawCalendarDailyPerformance	201407090301	[RCDP|201407090301|FOUSA06VOH|2014|0]
	RawCalendarDailyPerformance	201407090301	[RCDP|201407090301|FOUSA06VOD|2014|0]
	RawCalendarDailyPerformance	201407090301	[RCDP|201407090301|FEUSA04ABP|2014|0]
	RawCalendarDailyPerformance	201407090301	[RCDP|201407090301|F00000PF9O|2014|0]
	RawCalendarDailyPerformance	201407090301	[RCDP|201407090301|FOUSA06R8V|2014|0]
	RawCalendarDailyPerformance	201407090301	[RCDP|201407090301|FEUSA0002E|2014|0]
	RawCalendarDailyPerformance	201407090301	[RCDP|201407090301|FEUSA04AH8|2014|0]
	RawCalendarDailyPerformance	201407090301	[RCDP|201407090301|FEUSA04AE8|2014|0]
10	RawCalendarDailyPerformance	201407090301	[RCDP|201407090301|F00000PF9P|2014|0]
	RawCalendarDailyPerformance	201407090301	[RCDP|201407090301|FOUSA06MW5|2014|0]
	RawCalendarDailyPerformance	201407090301	[RCDP|201407090301|FOUSA0609H|2014|0]
	RawCalendarDailyPerformance	201407090301	[RCDP|201407090301|F00000T119|2014|0]
	RawCalendarDailyPerformance	201407090301	[RCDP|201407090301|F00000PF9N|2014|0]
	RawCalendarDailyPerformance	201407090301	[RCDP|201407090301|FEUSA00008|2014|0]
	RawCalendarDailyPerformance	201407090301	[RCDP|201407090301|F00000O2GN|2014|0]
	RawCalendarDailyPerformance	201407090301	[RCDP|201407090301|FEUSA04AHC|2014|0]
11	RawCalendarDailyPerformance	201407090301	[RCDP|201407090301|FEUSA04AEC|2014|0]
	RawCalendarDailyPerformance	201407090301	[RCDP|201407090301|F00000T11C|2014|0]
	RawCalendarDailyPerformance	201407090301	[RCDP|201407090301|FOUSA068WZ|2014|0]
	RawCalendarDailyPerformance	201407090301	[RCDP|201407090301|FOUSA06VOE|2014|0]
	RawCalendarDailyPerformance	201407090301	[RCDP|201407090301|F00000MBNO|2014|0]
	RawCalendarDailyPerformance	201407090301	[RCDP|201407090301|F00000PKTA|2014|0]
	RawCalendarDailyPerformance	201407090301	[RCDP|201407090301|FEUSA0000C|2014|0]
	RawCalendarDailyPerformance	201407090301	[RCDP|201407090301|F00000MKK2|2014|0]
	RawCalendarDailyPerformance	201407090301	[RCDP|201407090301|F00000M8DJ|2014|0]
	RawCalendarDailyPerformance	201407090301	[RCDP|201407090301|F000002RC6|2014|0]
12	RawCalendarDailyPerformance	201407090301	[RCDP|201407090301|FEUSA04AG7|2014|0]
	RawCalendarDailyPerformance	201407090301	[RCDP|201407090301|FOUSA068X3|2014|0]
	RawCalendarDailyPerformance	201407090301	[RCDP|201407090301|F00000NEKG|2014|0]
	RawCalendarDailyPerformance	201407090301	[RCDP|201407090301|F00000P8R1|2014|0]
	RawCalendarDailyPerformance	201407090301	[RCDP|201407090301|F00000MKK3|2014|0]
	RawCalendarDailyPerformance	201407090301	[RCDP|201407090301|FOUSA06B8D|2014|0]
	RawCalendarDailyPerformance	201407090301	[RCDP|201407090301|FEUSA04AGB|2014|0]
	RawCalendarDailyPerformance	201407090301	[RCDP|201407090301|F00000PKTB|2014|0]
	RawCalendarDailyPerformance	201407090301	[RCDP|201407090301|FEUSA04AES|2014|0]
13	RawCalendarDailyPerformance	201407090301	[RCDP|201407090301|F00000MPCX|2014|0]
	RawCalendarDailyPerformance	201407090301	[RCDP|201407090301|FEUSA0002B|2014|0]
	RawCalendarDailyPerformance	201407090301	[RCDP|201407090301|F00000LKUZ|2014|0]
	RawCalendarDailyPerformance	201407090301	[RCDP|201407090301|FOUSA06VOM|2014|0]
	RawCalendarDailyPerformance	201407090301	[RCDP|201407090301|FEUSA04AET|2014|0]
	RawCalendarDailyPerformance	201407090301	[RCDP|201407090301|F00000T11H|2014|0]
	RawCalendarDailyPerformance	201407090301	[RCDP|201407090301|F00000T11D|2014|0]
	RawCalendarDailyPerformance	201407090301	[RCDP|201407090301|FOUSA068X6|2014|0]
	RawCalendarDailyPerformance	201407090301	[RCDP|201407090301|F00000MKK4|2014|0]
	RawCalendarDailyPerformance	201407090301	[RCDP|201407090301|FOUSA06TUQ|2014|0]
14	RawCalendarDailyPerformance	201407090301	[RCDP|201407090301|F00000SRRM|2014|0]
	RawCalendarDailyPerformance	201407090301	[RCDP|201407090301|FEUSA00005|2014|0]
	RawCalendarDailyPerformance	201407090301	[RCDP|201407090301|FOUSA06LUP|2014|0]
	RawCalendarDailyPerformance	201407090301	[RCDP|201407090301|FEUSA04AEE|2014|0]
	RawCalendarDailyPerformance	201407090301	[RCDP|201407090301|F00000T11G|2014|0]
	RawCalendarDailyPerformance	201407090301	[RCDP|201407090301|FOUSA06IZT|2014|0]
15	RawCalendarDailyPerformance	201407090301	[RCDP|201407090301|F00000MPCW|2014|0]
	RawCalendarDailyPerformance	201407090301	[RCDP|201407090301|FEUSA0002O|2014|0]
	RawCalendarDailyPerformance	201407090301	[RCDP|201407090301|FOUSA06VOK|2014|0]
	RawCalendarDailyPerformance	201407090301	[RCDP|201407090301|FEUSA04AE9|2014|0]
	RawCalendarDailyPerformance	201407090301	[RCDP|201407090301|FOUSA06B89|2014|0]
	RawCalendarDailyPerformance	201407090301	[RCDP|201407090301|FOUSA068X5|2014|0]
	RawCalendarDailyPerformance	201407090301	[RCDP|201407090301|FEUSA04AER|2014|0]
	RawCalendarDailyPerformance	201407090301	[RCDP|201407090301|FEUSA00009|2014|0]
	RawCalendarDailyPerformance	201407090301	[RCDP|201407090301|FEUSA04AHI|2014|0]
16	RawCalendarDailyPerformance	201407090301	[RCDP|201407090301|F00000PKT4|2014|0]
	RawCalendarDailyPerformance	201407090301	[RCDP|201407090301|F00000GVJM|2014|0]
	RawCalendarDailyPerformance	201407090301	[RCDP|201407090301|FOUSA06VOL|2014|0]
	RawCalendarDailyPerformance	201407090301	[RCDP|201407090301|FOUSA06F92|2014|0]
	RawCalendarDailyPerformance	201407090301	[RCDP|201407090301|FOUSA05XO0|2014|0]
	RawCalendarDailyPerformance	201407090301	[RCDP|201407090301|FEUSA0002D|2014|0]
	RawCalendarDailyPerformance	201407090301	[RCDP|201407090301|F00000NZ52|2014|0]
	RawCalendarDailyPerformance	201407090301	[RCDP|201407090301|FEUSA04AE7|2014|0]
	RawCalendarDailyPerformance	201407090301	[RCDP|201407090301|FOUSA06LD1|2014|0]
	RawCalendarDailyPerformance	201407090301	[RCDP|201407090301|FOUSA06TUR|2014|0]
17	RawCalendarDailyPerformance	201407090301	[RCDP|201407090301|FOUSA08OOV|2014|0]
	RawCalendarDailyPerformance	201407090301	[RCDP|201407090301|F0000044CZ|2014|0]
	RawCalendarDailyPerformance	201407090301	[RCDP|201407090301|FOUSA068X0|2014|0]
	RawCalendarDailyPerformance	201407090301	[RCDP|201407090301|FEUSA04AEB|2014|0]
	RawCalendarDailyPerformance	201407090301	[RCDP|201407090301|FEUSA00007|2014|0]
	RawCalendarDailyPerformance	201407090301	[RCDP|201407090301|FEUSA04AGA|2014|0]
	RawCalendarDailyPerformance	201407090301	[RCDP|201407090301|FEUSA04AHG|2014|0]
	RawCalendarDailyPerformance	201407090301	[RCDP|201407090301|FEUSA0002H|2014|0]
	RawCalendarDailyPerformance	201407090301	[RCDP|201407090301|FOUSA06VOI|2014|0]
18	RawCalendarDailyPerformance	201407090301	[RCDP|201407090301|FEUSA0000B|2014|0]
	RawCalendarDailyPerformance	201407090301	[RCDP|201407090301|FEUSA0002A|2014|0]
	RawCalendarDailyPerformance	201407090301	[RCDP|201407090301|F00000QDDK|2014|0]
	RawCalendarDailyPerformance	201407090301	[RCDP|201407090301|FOUSA05XO1|2014|0]
	RawCalendarDailyPerformance	201407090301	[RCDP|201407090301|F00000NQ52|2014|0]
	RawCalendarDailyPerformance	201407090301	[RCDP|201407090301|FOUSA06LUR|2014|0]
	RawCalendarDailyPerformance	201407090301	[RCDP|201407090301|FOUSA08OOU|2014|0]
	RawCalendarDailyPerformance	201407090301	[RCDP|201407090301|FOUSA08OOS|2014|0]
	RawCalendarDailyPerformance	201407090301	[RCDP|201407090301|F00000MBNT|2014|0]
	RawCalendarDailyPerformance	201407090301	[RCDP|201407090301|FOUSA06A9B|2014|0]
19	RawCalendarDailyPerformance	201407090301	[RCDP|201407090301|FEUSA04AGF|2014|0]
	RawCalendarDailyPerformance	201407090301	[RCDP|201407090301|F00000Q1YI|2014|0]
	RawCalendarDailyPerformance	201407090301	[RCDP|201407090301|FOUSA07WOY|2014|0]
	RawCalendarDailyPerformance	201407090301	[RCDP|201407090301|FEUSA04ABO|2014|0]
	RawCalendarDailyPerformance	201407090301	[RCDP|201407090301|FOUSA068WY|2014|0]
	RawCalendarDailyPerformance	201407090301	[RCDP|201407090301|FEUSA0002F|2014|0]
	RawCalendarDailyPerformance	201407090301	[RCDP|201407090301|F00000SRRL|2014|0]
	RawCalendarDailyPerformance	201407090301	[RCDP|201407090301|FOUSA06AMU|2014|0]
	RawCalendarDailyPerformance	201407090301	[RCDP|201407090301|FEUSA04AG8|2014|0]
	RawCalendarDailyPerformance	201407090301	[RCDP|201407090301|FOUSA06B87|2014|0]
20	RawCalendarDailyPerformance	201407090301	[RCDP|201407090301|F00000T118|2014|0]
	RawCalendarDailyPerformance	201407090301	[RCDP|201407090301|FOUSA06TZN|2014|0]
	RawCalendarDailyPerformance	201407090301	[RCDP|201407090301|F00000GX0C|2014|0]
	RawCalendarDailyPerformance	201407090301	[RCDP|201407090301|FEUSA04AHD|2014|0]
	RawCalendarDailyPerformance	201407090301	[RCDP|201407090301|FEUSA04AED|2014|0]
	RawCalendarDailyPerformance	201407090301	[RCDP|201407090301|FOUSA06VOF|2014|0]
	RawCalendarDailyPerformance	201407090301	[RCDP|201407090301|FOUSA06VOJ|2014|0]
	RawCalendarDailyPerformance	201407090301	[RCDP|201407090301|FOUSA08OPU|2014|0]
	RawCalendarDailyPerformance	201407090301	[RCDP|201407090301|FEUSA0000D|2014|0]
21	RawCalendarDailyPerformance	201407090301	[RCDP|201407090301|F00000SRRK|2014|0]
	RawCalendarDailyPerformance	201407090301	[RCDP|201407090301|FEUSA0002C|2014|0]
	RawCalendarDailyPerformance	201407090301	[RCDP|201407090301|FOUSA06B88|2014|0]
	RawCalendarDailyPerformance	201407090301	[RCDP|201407090301|F00000LKUY|2014|0]
	RawCalendarDailyPerformance	201407090301	[RCDP|201407090301|FOUSA068X4|2014|0]
	RawCalendarDailyPerformance	201407090301	[RCDP|201407090301|FOUSA08OOT|2014|0]
	RawCalendarDailyPerformance	201407090301	[RCDP|201407090301|FEUSA04AG9|2014|0]
25	RawCalendarDailyPerformance	201407090301	[RCDP|201407090301|F00000NQ53|2014|0]
	RawCalendarDailyPerformance	201407090301	[RCDP|201407090301|FOUSA06L9U|2014|0]
	RawCalendarDailyPerformance	201407090301	[RCDP|201407090301|FEUSA04AHH|2014|0]
	RawCalendarDailyPerformance	201407090301	[RCDP|201407090301|F00000N298|2014|0]
	RawCalendarDailyPerformance	201407090301	[RCDP|201407090301|F00000PTNZ|2014|0]
	RawCalendarDailyPerformance	201407090301	[RCDP|201407090301|FEUSA04AEA|2014|0]
	RawCalendarDailyPerformance	201407090301	[RCDP|201407090301|FOUSA06LUQ|2014|0]
26	RawCalendarDailyPerformance	201407090301	[RCDP|201407090301|FOUSA06VOC|2014|0]
	RawCalendarDailyPerformance	201407090301	[RCDP|201407090301|F00000SWCD|2014|0]
	RawCalendarDailyPerformance	201407090301	[RCDP|201407090301|FOUSA06PCH|2014|0]
	RawCalendarDailyPerformance	201407090301	[RCDP|201407090301|FEUSA0000A|2014|0]
	RawCalendarDailyPerformance	201407090301	[RCDP|201407090301|F00000OP8L|2014|0]
	RawCalendarDailyPerformance	201407090301	[RCDP|201407090301|FEUSA04AE6|2014|0]
	RawCalendarDailyPerformance	201407090301	[RCDP|201407090301|FOUSA06B85|2014|0]
	RawCalendarDailyPerformance	201407090301	[RCDP|201407090301|F00000O9QH|2014|0]
	RawCalendarDailyPerformance	201407090301	[RCDP|201407090301|F00000P8R3|2014|0]
27	RawCalendarDailyPerformance	201407090301	[RCDP|201407090301|F00000J74G|2014|0]
	RawCalendarDailyPerformance	201407090301	[RCDP|201407090301|FEUSA00006|2014|0]
	RawCalendarDailyPerformance	201407090301	[RCDP|201407090301|FOUSA06B8A|2014|0]
	RawCalendarDailyPerformance	201407090301	[RCDP|201407090301|FOUSA0861F|2014|0]
28	RawCalendarDailyPerformance	201407090301	[RCDP|201407090301|F00000GVJI|2014|0]
	RawCalendarDailyPerformance	201407090301	[RCDP|201407090301|FOUSA06VOH|2014|0]
	RawCalendarDailyPerformance	201407090301	[RCDP|201407090301|FOUSA06VOD|2014|0]
	RawCalendarDailyPerformance	201407090301	[RCDP|201407090301|FEUSA04ABP|2014|0]
	RawCalendarDailyPerformance	201407090301	[RCDP|201407090301|F00000PF9O|2014|0]
29	RawCalendarDailyPerformance	201407090301	[RCDP|201407090301|FOUSA06R8V|2014|0]
	RawCalendarDailyPerformance	201407090301	[RCDP|201407090301|FEUSA0002E|2014|0]
	RawCalendarDailyPerformance	201407090301	[RCDP|201407090301|FEUSA04AH8|2014|0]
	RawCalendarDailyPerformance	201407090301	[RCDP|201407090301|FEUSA04AE8|2014|0]
	RawCalendarDailyPerformance	201407090301	[RCDP|201407090301|F00000PF9P|2014|0]
30	RawCalendarDailyPerformance	201407090301	[RCDP|201407090301|FOUSA06MW5|2014|0]
	RawCalendarDailyPerformance	201407090301	[RCDP|201407090301|FOUSA0609H|2014|0]
	RawCalendarDailyPerformance	201407090301	[RCDP|201407090301|F00000T119|2014|0]
	RawCalendarDailyPerformance	201407090301	[RCDP|201407090301|F00000PF9N|2014|0]
	RawCalendarDailyPerformance	201407090301	[RCDP|201407090301|FEUSA00008|2014|0]
31	RawCalendarDailyPerformance	201407090301	[RCDP|201407090301|F00000O2GN|2014|0]
	RawCalendarDailyPerformance	201407090301	[RCDP|201407090301|FEUSA04AHC|2014|0]
	RawCalendarDailyPerformance	201407090301	[RCDP|201407090301|FEUSA04AEC|2014|0]
	RawCalendarDailyPerformance	201407090301	[RCDP|201407090301|F00000T11C|2014|0]
32	RawCalendarDailyPerformance	201407090301	[RCDP|201407090301|FOUSA068WZ|2014|0]
	RawCalendarDailyPerformance	201407090301	[RCDP|201407090301|FOUSA06VOE|2014|0]
	RawCalendarDailyPerformance	201407090301	[RCDP|201407090301|F00000MBNO|2014|0]
	RawCalendarDailyPerformance	201407090301	[RCDP|201407090301|F00000PKTA|2014|0]
33	RawCalendarDailyPerformance	201407090301	[RCDP|201407090301|FEUSA0000C|2014|0]
	RawCalendarDailyPerformance	201407090301	[RCDP|201407090301|F00000MKK2|2014|0]
	RawCalendarDailyPerformance	201407090301	[RCDP|201407090301|F00000M8DJ|2014|0]
	RawCalendarDailyPerformance	201407090301	[RCDP|201407090301|F000002RC6|2014|0]
34	RawCalendarDailyPerformance	201407090301	[RCDP|201407090301|FEUSA04AG7|2014|0]
	RawCalendarDailyPerformance	201407090301	[RCDP|201407090301|FOUSA068X3|2014|0]
	RawCalendarDailyPerformance	201407090301	[RCDP|201407090301|F00000NEKG|2014|0]
35	RawCalendarDailyPerformance	201407090301	[RCDP|201407090301|F00000P8R1|2014|0]
	RawCalendarDailyPerformance	201407090301	[RCDP|201407090301|F00000MKK3|2014|0]
36	RawCalendarDailyPerformance	201407090301	[RCDP|201407090301|FOUSA06B8D|2014|0]
	RawCalendarDailyPerformance	201407090301	[RCDP|201407090301|FEUSA04AGB|2014|0]
37	RawCalendarDailyPerformance	201407090301	[RCDP|201407090301|F00000PKTB|2014|0]
	RawCalendarDailyPerformance	201407090301	[RCDP|201407090301|FEUSA04AES|2014|0]
38	RawCalendarDailyPerformance	201407090301	[RCDP|201407090301|F00000MPCX|2014|0]
	RawCalendarDailyPerformance	201407090301	[RCDP|201407090301|FEUSA0002B|2014|0]
	RawCalendarDailyPerformance	201407090301	[RCDP|201407090301|F00000LKUZ|2014|0]
	RawCalendarDailyPerformance	201407090301	[RCDP|201407090301|FOUSA06VOM|2014|0]
	RawCalendarDailyPerformance	201407090301	[RCDP|201407090301|FEUSA04AET|2014|0]
39	RawCalendarDailyPerformance	201407090301	[RCDP|201407090301|F00000T11H|2014|0]
	RawCalendarDailyPerformance	201407090301	[RCDP|201407090301|F00000T11D|2014|0]
	RawCalendarDailyPerformance	201407090301	[RCDP|201407090301|FOUSA068X6|2014|0]
	RawCalendarDailyPerformance	201407090301	[RCDP|201407090301|F00000MKK4|2014|0]
	RawCalendarDailyPerformance	201407090301	[RCDP|201407090301|FOUSA06TUQ|2014|0]
40	RawCalendarDailyPerformance	201407090301	[RCDP|201407090301|F00000SRRM|2014|0]
	RawCalendarDailyPerformance	201407090301	[RCDP|201407090301|FEUSA00005|2014|0]
	RawCalendarDailyPerformance	201407090301	[RCDP|201407090301|FOUSA06LUP|2014|0]
	RawCalendarDailyPerformance	201407090301	[RCDP|201407090301|FEUSA04AEE|2014|0]
41	RawCalendarDailyPerformance	201407090301	[RCDP|201407090301|F00000T11G|2014|0]
	RawCalendarDailyPerformance	201407090301	[RCDP|201407090301|FOUSA06IZT|2014|0]
	RawCalendarDailyPerformance	201407090301	[RCDP|201407090301|F00000MPCW|2014|0]
	RawCalendarDailyPerformance	201407090301	[RCDP|201407090301|FEUSA0002O|2014|0]
42	RawCalendarDailyPerformance	201407090301	[RCDP|201407090301|FOUSA06VOK|2014|0]
	RawCalendarDailyPerformance	201407090301	[RCDP|201407090301|FEUSA04AE9|2014|0]
43	RawCalendarDailyPerformance	201407090301	[RCDP|201407090301|FOUSA06B89|2014|0]
44	RawCalendarDailyPerformance	201407090301	[RCDP|201407090301|FOUSA068X5|2014|0]
45	RawCalendarDailyPerformance	201407090301	[RCDP|201407090301|FEUSA04AER|2014|0]
	RawCalendarDailyPerformance	201407090301	[RCDP|201407090301|FEUSA00009|2014|0]
46	RawCalendarDailyPerformance	201407090301	[RCDP|201407090301|FEUSA04AHI|2014|0]
47	RawCalendarDailyPerformance	201407090301	[RCDP|201407090301|F00000PKT4|2014|0]
	RawCalendarDailyPerformance	201407090301	[RCDP|201407090301|F00000GVJM|2014|0]
48	RawCalendarDailyPerformance	201407090301	[RCDP|201407090301|FOUSA06VOL|2014|0]
49	RawCalendarDailyPerformance	201407090301	[RCDP|201407090301|FOUSA06F92|2014|0]
50	RawCalendarDailyPerformance	201407090301	[RCDP|201407090301|FOUSA05XO0|2014|0]
	RawCalendarDailyPerformance	201407090301	[RCDP|201407090301|FEUSA0002D|2014|0]
51	RawCalendarDailyPerformance	201407090301	[RCDP|201407090301|F00000NZ52|2014|0]
52	RawCalendarDailyPerformance	201407090301	[RCDP|201407090301|FEUSA04AE7|2014|0]
53	RawCalendarDailyPerformance	201407090301	[RCDP|201407090301|FOUSA06LD1|2014|0]
	RawCalendarDailyPerformance	201407090301	[RCDP|201407090301|FOUSA06TUR|2014|0]
54	RawCalendarDailyPerformance	201407090301	[RCDP|201407090301|FOUSA08OOV|2014|0]
55	RawCalendarDailyPerformance	201407090301	[RCDP|201407090301|F0000044CZ|2014|0]
	RawCalendarDailyPerformance	201407090301	[RCDP|201407090301|FOUSA068X0|2014|0]
56	RawCalendarDailyPerformance	201407090301	[RCDP|201407090301|FEUSA04AEB|2014|0]
57	RawCalendarDailyPerformance	201407090301	[RCDP|201407090301|FEUSA00007|2014|0]
58	RawCalendarDailyPerformance	201407090301	[RCDP|201407090301|FEUSA04AGA|2014|0]
	RawCalendarDailyPerformance	201407090301	[RCDP|201407090301|FEUSA04AHG|2014|0]
59	RawCalendarDailyPerformance	201407090301	[RCDP|201407090301|FEUSA0002H|2014|0]
20140723-145400	RawCalendarDailyPerformance	201407090301	[RCDP|201407090301|FOUSA06VOI|2014|0]
	RawCalendarDailyPerformance	201407090301	[RCDP|201407090301|FEUSA0000B|2014|0]
05	RawCalendarDailyPerformance	201407090301	[RCDP|201407090301|FEUSA0002A|2014|0]
09	RawCalendarDailyPerformance	201407090301	[RCDP|201407090301|F00000QDDK|2014|0]
